[INFO] 18:01:47:422 kernel/(14771:14771): Iniciando kernel
[INFO] 18:01:47:434 kernel/(14771:14771): KERNEL LISTO PARA RECIBIR PETICIONES
[INFO] 19:00:39:411 kernel/(20574:20574): Iniciando kernel
[INFO] 19:00:39:447 kernel/(20574:20574): KERNEL LISTO PARA RECIBIR PETICIONES
[INFO] 19:04:20:374 kernel/(20891:20891): Iniciando kernel
[INFO] 19:04:20:388 kernel/(20891:20891): KERNEL LISTO PARA RECIBIR PETICIONES
[INFO] 15:43:46:262 kernel/(16067:16067): Iniciando kernel
[INFO] 15:43:46:364 kernel/(16067:16067): KERNEL LISTO PARA RECIBIR PETICIONES
[INFO] 15:43:48:643 kernel/(16067:16067): KERNEL LISTO PARA RECIBIR PETICIONES
[INFO] 15:43:48:643 kernel/(16067:16088): CARPINCHO 1 - Cambia de estado a READY
[INFO] 15:43:48:664 kernel/(16067:16072): CARPINCHO 1 - Cambia de estado a EXEC
[INFO] 15:43:48:709 kernel/(16067:16089): CARPINCHO 1 - Cambia de estado a BLOQUEADO
[INFO] 15:43:48:709 kernel/(16067:16089): CARPINCHO 1 - Utilizando dispositivo PILETA
[INFO] 15:43:49:587 kernel/(16067:16067): KERNEL LISTO PARA RECIBIR PETICIONES
[INFO] 15:43:49:591 kernel/(16067:16092): CARPINCHO 2 - Cambia de estado a READY
[INFO] 15:43:49:591 kernel/(16067:16072): CARPINCHO 2 - Cambia de estado a EXEC
[INFO] 15:43:49:596 kernel/(16067:16093): CARPINCHO 2 - Cambia de estado a BLOQUEADO
[INFO] 15:43:49:596 kernel/(16067:16093): CARPINCHO 2 - Esperando semaforo
[INFO] 15:43:50:588 kernel/(16067:16067): KERNEL LISTO PARA RECIBIR PETICIONES
[INFO] 15:43:50:595 kernel/(16067:16073): CARPINCHO 2 - Cambia de estado a BLOQUEADO_SUSPENDIDO
[INFO] 15:43:50:595 kernel/(16067:16073): CARPINCHO 3 - Cambia de estado a READY
[INFO] 15:44:45:938 kernel/(16110:16110): Iniciando kernel
[INFO] 15:44:45:953 kernel/(16110:16110): KERNEL LISTO PARA RECIBIR PETICIONES
[INFO] 15:44:49:915 kernel/(16110:16110): KERNEL LISTO PARA RECIBIR PETICIONES
[INFO] 15:44:49:916 kernel/(16110:16130): CARPINCHO 1 - Cambia de estado a READY
[INFO] 15:44:49:916 kernel/(16110:16115): CARPINCHO 1 - Cambia de estado a EXEC
[INFO] 15:44:49:921 kernel/(16110:16131): CARPINCHO 1 - Cambia de estado a BLOQUEADO
[INFO] 15:44:49:925 kernel/(16110:16131): CARPINCHO 1 - Utilizando dispositivo PILETA
[INFO] 15:44:50:919 kernel/(16110:16110): KERNEL LISTO PARA RECIBIR PETICIONES
[INFO] 15:44:50:923 kernel/(16110:16133): CARPINCHO 2 - Cambia de estado a READY
[INFO] 15:44:50:923 kernel/(16110:16115): CARPINCHO 2 - Cambia de estado a EXEC
[INFO] 15:44:50:928 kernel/(16110:16134): CARPINCHO 2 - Cambia de estado a BLOQUEADO
[INFO] 15:44:50:928 kernel/(16110:16134): CARPINCHO 2 - Esperando semaforo
[INFO] 15:44:51:920 kernel/(16110:16110): KERNEL LISTO PARA RECIBIR PETICIONES
[INFO] 15:44:51:927 kernel/(16110:16116): CARPINCHO 2 - Cambia de estado a BLOQUEADO_SUSPENDIDO
[INFO] 15:44:51:927 kernel/(16110:16116): CARPINCHO 3 - Cambia de estado a READY
